#
# There is insufficient memory for the Java Runtime Environment to continue.
# Native memory allocation (mmap) failed to map 266338304 bytes for Failed to commit area from 0x0000000703200000 to 0x0000000713000000 of length 266338304.
# Possible reasons:
#   The system is out of physical RAM or swap space
#   The process is running with CompressedOops enabled, and the Java Heap may be blocking the growth of the native heap
# Possible solutions:
#   Reduce memory load on the system
#   Increase physical memory or swap space
#   Check if swap backing store is full
#   Decrease Java heap size (-Xmx/-Xms)
#   Decrease number of Java threads
#   Decrease Java thread stack sizes (-Xss)
#   Set larger code cache with -XX:ReservedCodeCacheSize=
# This output file may be truncated or incomplete.
#
#  Out of Memory Error (./open/src/hotspot/os/windows/os_windows.cpp:3287), pid=8496, tid=15988
#
# JRE version:  (11.0.15.1+2) (build )
# Java VM: Java HotSpot(TM) 64-Bit Server VM (11.0.15.1+2-LTS-10, mixed mode, sharing, tiered, compressed oops, g1 gc, windows-amd64)
# No core dump will be written. Minidumps are not enabled by default on client versions of Windows
#

---------------  S U M M A R Y ------------

Command Line: -Dorg.jetbrains.run.directory=C:\Users\DELL\Downloads\MadisonIsland\src\main\resources\features -javaagent:C:\Program Files\JetBrains\IntelliJ IDEA Community Edition 2022.1.4\lib\idea_rt.jar=57033:C:\Program Files\JetBrains\IntelliJ IDEA Community Edition 2022.1.4\bin -Dfile.encoding=UTF-8 io.cucumber.core.cli.Main --plugin org.jetbrains.plugins.cucumber.java.run.CucumberJvm5SMFormatter --name ^guest user could register with valid data successfully$ --glue org.example.stepDefs C:/Users/DELL/Downloads/MadisonIsland/src/main/resources/features/F01_Register.feature

Host: Intel(R) Core(TM) i7-10750H CPU @ 2.60GHz, 12 cores, 15G,  Windows 10 , 64 bit Build 18362 (10.0.18362.1)
Time: Thu Oct 13 23:01:46 2022 Egypt Standard Time elapsed time: 0.016723 seconds (0d 0h 0m 0s)

---------------  T H R E A D  ---------------

Current thread (0x00000252bbd0e000):  JavaThread "Unknown thread" [_thread_in_vm, id=15988, stack(0x000000cda9f00000,0x000000cdaa000000)]

Stack: [0x000000cda9f00000,0x000000cdaa000000]
Native frames: (J=compiled Java code, j=interpreted, Vv=VM code, C=native code)
V  [jvm.dll+0x629d8a]
V  [jvm.dll+0x7638ff]
V  [jvm.dll+0x764fa9]
V  [jvm.dll+0x765633]
V  [jvm.dll+0x23d9c8]
V  [jvm.dll+0x6270aa]
V  [jvm.dll+0x61be35]
V  [jvm.dll+0x2f27dc]
V  [jvm.dll+0x2f2662]
V  [jvm.dll+0x2f7386]
V  [jvm.dll+0x339d8f]
V  [jvm.dll+0x3397c0]
V  [jvm.dll+0x2cfdf8]
V  [jvm.dll+0x2d0f66]
V  [jvm.dll+0x73df07]
V  [jvm.dll+0x73f79f]
V  [jvm.dll+0x346ab9]
V  [jvm.dll+0x723810]
V  [jvm.dll+0x3b56cf]
V  [jvm.dll+0x3b77e1]
C  [jli.dll+0x5207]
C  [ucrtbase.dll+0x1d912]
C  [KERNEL32.DLL+0x17944]
C  [ntdll.dll+0x6ce71]


---------------  P R O C E S S  ---------------

Threads class SMR info:
_java_thread_list=0x00000252b9ad0c00, length=0, elements={
}

Java Threads: ( => current thread )

Other Threads:
  0x00000252bbd22000 GCTaskThread "GC Thread#0" [stack: 0x000000cdaa000000,0x000000cdaa100000] [id=22844]
  0x00000252b9bbe800 ConcurrentGCThread "G1 Main Marker" [stack: 0x000000cdaa100000,0x000000cdaa200000] [id=17148]
  0x00000252bbd7e000 ConcurrentGCThread "G1 Conc#0" [stack: 0x000000cdaa200000,0x000000cdaa300000] [id=18556]

[error occurred during error reporting (printing all threads), id 0xc0000005, EXCEPTION_ACCESS_VIOLATION (0xc0000005) at pc=0x00007ffd80fff087]

VM state:not at safepoint (not fully initialized)

VM Mutex/Monitor currently owned by a thread:  ([mutex/lock_event])
[0x00000252bbd0a780] Heap_lock - owner thread: 0x00000252bbd0e000

Heap address: 0x0000000703200000, size: 4046 MB, Compressed Oops mode: Non-zero based: 0x0000000703200000
Narrow klass base: 0x0000000000000000, Narrow klass shift: 0

GC Heap History (0 events):
No events

Deoptimization events (0 events):
No events

Classes redefined (0 events):
No events

Internal exceptions (0 events):
No events

Events (0 events):
No events


Dynamic libraries:
0x00007ff6364b0000 - 0x00007ff6364bf000 	C:\Program Files\Java\jdk-11.0.15.1\bin\java.exe
0x00007ffddb360000 - 0x00007ffddb550000 	C:\Windows\SYSTEM32\ntdll.dll
0x00007ffdd99e0000 - 0x00007ffdd9a92000 	C:\Windows\System32\KERNEL32.DLL
0x00007ffdd8b50000 - 0x00007ffdd8df2000 	C:\Windows\System32\KERNELBASE.dll
0x00007ffdd8e30000 - 0x00007ffdd8f2a000 	C:\Windows\System32\ucrtbase.dll
0x00007ffdd16d0000 - 0x00007ffdd16e8000 	C:\Program Files\Java\jdk-11.0.15.1\bin\jli.dll
0x00007ffdcfed0000 - 0x00007ffdcfee5000 	C:\Program Files\Java\jdk-11.0.15.1\bin\VCRUNTIME140.dll
0x00007ffdd9ad0000 - 0x00007ffdd9b73000 	C:\Windows\System32\ADVAPI32.dll
0x00007ffddaba0000 - 0x00007ffddac3e000 	C:\Windows\System32\msvcrt.dll
0x00007ffdd9940000 - 0x00007ffdd99d7000 	C:\Windows\System32\sechost.dll
0x00007ffdd9810000 - 0x00007ffdd9930000 	C:\Windows\System32\RPCRT4.dll
0x00007ffdd9420000 - 0x00007ffdd95b3000 	C:\Windows\System32\USER32.dll
0x00007ffdd8e00000 - 0x00007ffdd8e21000 	C:\Windows\System32\win32u.dll
0x00007ffdbdec0000 - 0x00007ffdbe145000 	C:\Windows\WinSxS\amd64_microsoft.windows.common-controls_6595b64144ccf1df_6.0.18362.30_none_a1435978519dce7f\COMCTL32.dll
0x00007ffdda5c0000 - 0x00007ffdda5e6000 	C:\Windows\System32\GDI32.dll
0x00007ffdd9e80000 - 0x00007ffdda1b6000 	C:\Windows\System32\combase.dll
0x00007ffdd9190000 - 0x00007ffdd9324000 	C:\Windows\System32\gdi32full.dll
0x00007ffdd8340000 - 0x00007ffdd83c1000 	C:\Windows\System32\bcryptPrimitives.dll
0x00007ffdd9330000 - 0x00007ffdd93ce000 	C:\Windows\System32\msvcp_win.dll
0x00007ffdd1cd0000 - 0x00007ffdd1cda000 	C:\Windows\SYSTEM32\VERSION.dll
0x00007ffdd9aa0000 - 0x00007ffdd9ace000 	C:\Windows\System32\IMM32.DLL
0x00007ffda1e40000 - 0x00007ffda1edb000 	C:\Program Files\Java\jdk-11.0.15.1\bin\msvcp140.dll
0x00007ffd80d20000 - 0x00007ffd81836000 	C:\Program Files\Java\jdk-11.0.15.1\bin\server\jvm.dll
0x00007ffdd9930000 - 0x00007ffdd9938000 	C:\Windows\System32\PSAPI.DLL
0x00007ffdd5890000 - 0x00007ffdd5899000 	C:\Windows\SYSTEM32\WSOCK32.dll
0x00007ffdd4b50000 - 0x00007ffdd4b74000 	C:\Windows\SYSTEM32\WINMM.dll
0x00007ffdd9e10000 - 0x00007ffdd9e7f000 	C:\Windows\System32\WS2_32.dll
0x00007ffdd4b20000 - 0x00007ffdd4b4d000 	C:\Windows\SYSTEM32\winmmbase.dll
0x00007ffdd93d0000 - 0x00007ffdd941a000 	C:\Windows\System32\cfgmgr32.dll
0x00007ffdd8240000 - 0x00007ffdd8251000 	C:\Windows\System32\kernel.appcore.dll
0x00007ffdd27c0000 - 0x00007ffdd27d0000 	C:\Program Files\Java\jdk-11.0.15.1\bin\verify.dll
0x00007ffdd62b0000 - 0x00007ffdd64a4000 	C:\Windows\SYSTEM32\DBGHELP.DLL
0x00007ffdbe220000 - 0x00007ffdbe24a000 	C:\Windows\SYSTEM32\dbgcore.DLL
0x00007ffdcfcb0000 - 0x00007ffdcfcd8000 	C:\Program Files\Java\jdk-11.0.15.1\bin\java.dll
0x00007ffdd16c0000 - 0x00007ffdd16ca000 	C:\Program Files\Java\jdk-11.0.15.1\bin\jimage.dll
0x00007ffdd4260000 - 0x00007ffdd426e000 	C:\Program Files\Java\jdk-11.0.15.1\bin\instrument.dll
0x00007ffdc71b0000 - 0x00007ffdc71c6000 	C:\Program Files\Java\jdk-11.0.15.1\bin\zip.dll

dbghelp: loaded successfully - version: 4.0.5 - missing functions: none
symbol engine: initialized successfully - sym options: 0x614 - pdb path: .;C:\Program Files\Java\jdk-11.0.15.1\bin;C:\Windows\SYSTEM32;C:\Windows\WinSxS\amd64_microsoft.windows.common-controls_6595b64144ccf1df_6.0.18362.30_none_a1435978519dce7f;C:\Program Files\Java\jdk-11.0.15.1\bin\server

VM Arguments:
jvm_args: -Dorg.jetbrains.run.directory=C:\Users\DELL\Downloads\MadisonIsland\src\main\resources\features -javaagent:C:\Program Files\JetBrains\IntelliJ IDEA Community Edition 2022.1.4\lib\idea_rt.jar=57033:C:\Program Files\JetBrains\IntelliJ IDEA Community Edition 2022.1.4\bin -Dfile.encoding=UTF-8 
java_command: io.cucumber.core.cli.Main --plugin org.jetbrains.plugins.cucumber.java.run.CucumberJvm5SMFormatter --name ^guest user could register with valid data successfully$ --glue org.example.stepDefs C:/Users/DELL/Downloads/MadisonIsland/src/main/resources/features/F01_Register.feature
java_class_path (initial): C:\Users\DELL\Downloads\MadisonIsland\target\test-classes;C:\Users\DELL\Downloads\MadisonIsland\target\classes;C:\Users\DELL\.m2\repository\org\seleniumhq\selenium\selenium-java\4.3.0\selenium-java-4.3.0.jar;C:\Users\DELL\.m2\repository\org\seleniumhq\selenium\selenium-api\4.3.0\selenium-api-4.3.0.jar;C:\Users\DELL\.m2\repository\org\seleniumhq\selenium\selenium-chrome-driver\4.3.0\selenium-chrome-driver-4.3.0.jar;C:\Users\DELL\.m2\repository\com\google\auto\service\auto-service-annotations\1.0.1\auto-service-annotations-1.0.1.jar;C:\Users\DELL\.m2\repository\com\google\auto\service\auto-service\1.0.1\auto-service-1.0.1.jar;C:\Users\DELL\.m2\repository\com\google\auto\auto-common\1.2\auto-common-1.2.jar;C:\Users\DELL\.m2\repository\com\google\guava\guava\31.1-jre\guava-31.1-jre.jar;C:\Users\DELL\.m2\repository\com\google\guava\failureaccess\1.0.1\failureaccess-1.0.1.jar;C:\Users\DELL\.m2\repository\com\google\guava\listenablefuture\9999.0-empty-to-avoid-conflict-with-guava\listenablefuture-9999.0-empty-to-avoid-conflict-with-guava.jar;C:\Users\DELL\.m2\repository\org\checkerframework\checker-qual\3.12.0\checker-qual-3.12.0.jar;C:\Users\DELL\.m2\repository\com\google\errorprone\error_prone_annotations\2.11.0\error_prone_annotations-2.11.0.jar;C:\Users\DELL\.m2\repository\com\google\j2objc\j2objc-annotations\1.3\j2objc-annotations-1.3.jar;C:\Users\DELL\.m2\repository\org\seleniumhq\selenium\selenium-chromium-driver\4.3.0\selenium-chromium-driver-4.3.0.jar;C:\Users\DELL\.m2\repository\org\seleniumhq\selenium\selenium-json\4.3.0\selenium-json-4.3.0.jar;C:\Users\DELL\.m2\repository\org\seleniumhq\selenium\selenium-devtools-v101\4.3.0\selenium-devtools-v101-4.3.0.jar;C:\Users\DELL\.m2\repository\org\seleniumhq\selenium\selenium-devtools-v102\4.3.0\selenium-devtools-v102-4.3.0.jar;C:\Users\DELL\.m2\repository\org\seleniumhq\selenium\selenium-devtools-v103\4.3.0\selenium-devtools-v103-4.3.0.jar;C:\Users\DELL\.m2\repository\org\seleniumhq\seleniu
Launcher Type: SUN_STANDARD

[Global flags]
     intx CICompilerCount                          = 4                                         {product} {ergonomic}
     uint ConcGCThreads                            = 3                                         {product} {ergonomic}
     uint G1ConcRefinementThreads                  = 10                                        {product} {ergonomic}
   size_t G1HeapRegionSize                         = 1048576                                   {product} {ergonomic}
    uintx GCDrainStackTargetSize                   = 64                                        {product} {ergonomic}
   size_t InitialHeapSize                          = 266338304                                 {product} {ergonomic}
   size_t MarkStackSize                            = 4194304                                   {product} {ergonomic}
   size_t MaxHeapSize                              = 4242538496                                {product} {ergonomic}
   size_t MinHeapDeltaBytes                        = 1048576                                   {product} {ergonomic}
    uintx NonNMethodCodeHeapSize                   = 5836300                                {pd product} {ergonomic}
    uintx NonProfiledCodeHeapSize                  = 122910970                              {pd product} {ergonomic}
    uintx ProfiledCodeHeapSize                     = 122910970                              {pd product} {ergonomic}
    uintx ReservedCodeCacheSize                    = 251658240                              {pd product} {ergonomic}
     bool SegmentedCodeCache                       = true                                      {product} {ergonomic}
     bool UseCompressedClassPointers               = true                                 {lp64_product} {ergonomic}
     bool UseCompressedOops                        = true                                 {lp64_product} {ergonomic}
     bool UseG1GC                                  = true                                      {product} {ergonomic}
     bool UseLargePagesIndividualAllocation        = false                                  {pd product} {ergonomic}

Logging:
Log output configuration:
 #0: stdout all=warning uptime,level,tags
 #1: stderr all=off uptime,level,tags

Environment Variables:
JAVA_HOME=C:\Program Files\Java\jdk-11.0.15.1
PATH=C:\Program Files\Common Files\Oracle\Java\javapath;C:\Program Files (x86)\Common Files\Oracle\Java\javapath;C:\Windows\system32;C:\Windows;C:\Windows\System32\Wbem;C:\Windows\System32\WindowsPowerShell\v1.0\;C:\Windows\System32\OpenSSH\;C:\Program Files (x86)\NVIDIA Corporation\PhysX\Common;C:\Program Files\nodejs\;%ANDROID_HOME%bin;C:\Program Files\CMake\bin;C:\Users\DELL\AppData\Local\Android\Sdk\platform-tools;C:\Users\DELL\Downloads\apache-maven-3.8.6-bin\apache-maven-3.8.6\BIN;C:\Program Files\Java\jdk-11.0.15.1\bin;C:\Program Files\Git\cmd;C:\Users\DELL\AppData\Local\Microsoft\WindowsApps;C:\Users\DELL\AppData\Roaming\npm;C:\Users\DELL\AppData\Local\GitHubDesktop\bin;
USERNAME=DELL
OS=Windows_NT
PROCESSOR_IDENTIFIER=Intel64 Family 6 Model 165 Stepping 2, GenuineIntel



---------------  S Y S T E M  ---------------

OS: Windows 10 , 64 bit Build 18362 (10.0.18362.1)

CPU:total 12 (initial active 12) (6 cores per cpu, 2 threads per core) family 6 model 165 stepping 2 microcode 0xc8, cmov, cx8, fxsr, mmx, sse, sse2, sse3, ssse3, sse4.1, sse4.2, popcnt, avx, avx2, aes, clmul, erms, 3dnowpref, lzcnt, ht, tsc, tscinvbit, bmi1, bmi2, adx, fma

Memory: 4k page, system-wide physical 16177M (4090M free)
TotalPageFile size 46700M (AvailPageFile size 47M)
current process WorkingSet (physical memory assigned to process): 10M, peak: 10M
current process commit charge ("private bytes"): 65M, peak: 318M

vm_info: Java HotSpot(TM) 64-Bit Server VM (11.0.15.1+2-LTS-10) for windows-amd64 JRE (11.0.15.1+2-LTS-10), built on Apr 25 2022 21:51:57 by "mach5one" with MS VC++ 15.9 (VS2017)

END.
